c:\users\phili\source\repos\cs2 chams\cs2 chams\x64\release\vc145.pdb
c:\users\phili\source\repos\cs2 chams\cs2 chams\x64\release\imgui_widgets.obj
c:\users\phili\source\repos\cs2 chams\cs2 chams\x64\release\imgui_tables.obj
c:\users\phili\source\repos\cs2 chams\cs2 chams\x64\release\imgui_draw.obj
c:\users\phili\source\repos\cs2 chams\cs2 chams\x64\release\imgui_demo.obj
c:\users\phili\source\repos\cs2 chams\cs2 chams\x64\release\imgui.obj
c:\users\phili\source\repos\cs2 chams\cs2 chams\x64\release\imgui_impl_win32.obj
c:\users\phili\source\repos\cs2 chams\cs2 chams\x64\release\imgui_impl_dx11.obj
c:\users\phili\source\repos\cs2 chams\cs2 chams\x64\release\dllmain.obj
c:\users\phili\source\repos\cs2 chams\x64\release\cs2 chams.dll
c:\users\phili\source\repos\cs2 chams\x64\release\cs2 chams.pdb
e:\projekt\cs2\cs2 chams (insert to show menu)\cs2 chams\x64\release\dllmain.obj
e:\projekt\cs2\cs2 chams (insert to show menu)\cs2 chams\x64\release\imgui.obj
e:\projekt\cs2\cs2 chams (insert to show menu)\cs2 chams\x64\release\imgui_demo.obj
e:\projekt\cs2\cs2 chams (insert to show menu)\cs2 chams\x64\release\imgui_draw.obj
e:\projekt\cs2\cs2 chams (insert to show menu)\cs2 chams\x64\release\imgui_impl_dx11.obj
e:\projekt\cs2\cs2 chams (insert to show menu)\cs2 chams\x64\release\imgui_impl_win32.obj
e:\projekt\cs2\cs2 chams (insert to show menu)\cs2 chams\x64\release\imgui_tables.obj
e:\projekt\cs2\cs2 chams (insert to show menu)\cs2 chams\x64\release\imgui_widgets.obj
e:\projekt\cs2\cs2 chams (insert to show menu)\cs2 chams\x64\release\vc145.pdb
e:\projekt\cs2\cs2 chams (insert to show menu)\cs2 chams\x64\release\cs2 chams.tlog\cl.command.1.tlog
e:\projekt\cs2\cs2 chams (insert to show menu)\cs2 chams\x64\release\cs2 chams.tlog\cl.items.tlog
e:\projekt\cs2\cs2 chams (insert to show menu)\cs2 chams\x64\release\cs2 chams.tlog\cl.read.1.tlog
e:\projekt\cs2\cs2 chams (insert to show menu)\cs2 chams\x64\release\cs2 chams.tlog\cl.write.1.tlog
e:\projekt\cs2\cs2 chams (insert to show menu)\cs2 chams\x64\release\cs2 chams.tlog\link.command.1.tlog
e:\projekt\cs2\cs2 chams (insert to show menu)\cs2 chams\x64\release\cs2 chams.tlog\link.read.1.tlog
e:\projekt\cs2\cs2 chams (insert to show menu)\cs2 chams\x64\release\cs2 chams.tlog\link.secondary.1.tlog
e:\projekt\cs2\cs2 chams (insert to show menu)\cs2 chams\x64\release\cs2 chams.tlog\link.write.1.tlog
